# JRE version: OpenJDK Runtime Environment Temurin-17.0.9+9 (17.0.9+9) (build 17.0.9+9)
# Java VM: OpenJDK 64-Bit Server VM Temurin-17.0.9+9 (17.0.9+9, mixed mode, emulated-client, tiered, compressed oops, compressed class ptrs, g1 gc, windows-amd64)
GC Precious Log:
 CPUs: 2 total, 2 available
 Memory: 1905M
 Large Page Support: Disabled
 NUMA Support: Disabled
 Compressed Oops: Enabled (32-bit)
 Heap Region Size: 1M
 Heap Min Capacity: 8M
 Heap Initial Capacity: 30M
 Heap Max Capacity: 1G
 Pre-touch: Disabled
 Parallel Workers: 2
 Concurrent Workers: 1
 Concurrent Refinement Workers: 2
 Periodic GC: Disabled
Heap:
 garbage-first heap   total 116736K, used 34479K [0x00000000c0000000, 0x0000000100000000)
  region size 1024K, 1 young (1024K), 0 survivors (0K)
 Metaspace       used 57065K, committed 57600K, reserved 1114112K
  class space    used 7067K, committed 7296K, reserved 1048576K
GC Heap History (20 events):
Event: 6383.725 GC heap before
{Heap before GC invocations=563 (full 503):
 garbage-first heap   total 116736K, used 34479K [0x00000000c0000000, 0x0000000100000000)
  region size 1024K, 1 young (1024K), 0 survivors (0K)
 Metaspace       used 57065K, committed 57600K, reserved 1114112K
  class space    used 7067K, committed 7296K, reserved 1048576K
}
Event: 6383.801 GC heap after
{Heap after GC invocations=564 (full 504):
 garbage-first heap   total 116736K, used 34479K [0x00000000c0000000, 0x0000000100000000)
  region size 1024K, 0 young (0K), 0 survivors (0K)
 Metaspace       used 57065K, committed 57600K, reserved 1114112K
  class space    used 7067K, committed 7296K, reserved 1048576K
}
Event: 6394.278 GC heap before
{Heap before GC invocations=564 (full 504):
 garbage-first heap   total 116736K, used 34479K [0x00000000c0000000, 0x0000000100000000)
  region size 1024K, 1 young (1024K), 0 survivors (0K)
 Metaspace       used 57065K, committed 57600K, reserved 1114112K
  class space    used 7067K, committed 7296K, reserved 1048576K
}
Event: 6394.355 GC heap after
{Heap after GC invocations=565 (full 505):
 garbage-first heap   total 116736K, used 34479K [0x00000000c0000000, 0x0000000100000000)
  region size 1024K, 0 young (0K), 0 survivors (0K)
 Metaspace       used 57065K, committed 57600K, reserved 1114112K
  class space    used 7067K, committed 7296K, reserved 1048576K
}
Event: 6404.823 GC heap before
{Heap before GC invocations=565 (full 505):
 garbage-first heap   total 116736K, used 34479K [0x00000000c0000000, 0x0000000100000000)
  region size 1024K, 1 young (1024K), 0 survivors (0K)
 Metaspace       used 57065K, committed 57600K, reserved 1114112K
  class space    used 7067K, committed 7296K, reserved 1048576K
}
Event: 6404.900 GC heap after
{Heap after GC invocations=566 (full 506):
 garbage-first heap   total 116736K, used 34479K [0x00000000c0000000, 0x0000000100000000)
  region size 1024K, 0 young (0K), 0 survivors (0K)
 Metaspace       used 57065K, committed 57600K, reserved 1114112K
  class space    used 7067K, committed 7296K, reserved 1048576K
}
Event: 6415.359 GC heap before
{Heap before GC invocations=566 (full 506):
 garbage-first heap   total 116736K, used 34479K [0x00000000c0000000, 0x0000000100000000)
  region size 1024K, 1 young (1024K), 0 survivors (0K)
 Metaspace       used 57065K, committed 57600K, reserved 1114112K
  class space    used 7067K, committed 7296K, reserved 1048576K
}
Event: 6415.436 GC heap after
{Heap after GC invocations=567 (full 507):
 garbage-first heap   total 116736K, used 34479K [0x00000000c0000000, 0x0000000100000000)
  region size 1024K, 0 young (0K), 0 survivors (0K)
 Metaspace       used 57065K, committed 57600K, reserved 1114112K
  class space    used 7067K, committed 7296K, reserved 1048576K
}
Event: 6425.892 GC heap before
{Heap before GC invocations=567 (full 507):
 garbage-first heap   total 116736K, used 34479K [0x00000000c0000000, 0x0000000100000000)
  region size 1024K, 1 young (1024K), 0 survivors (0K)
 Metaspace       used 57065K, committed 57600K, reserved 1114112K
  class space    used 7067K, committed 7296K, reserved 1048576K
}
Event: 6425.969 GC heap after
{Heap after GC invocations=568 (full 508):
 garbage-first heap   total 116736K, used 34479K [0x00000000c0000000, 0x0000000100000000)
  region size 1024K, 0 young (0K), 0 survivors (0K)
 Metaspace       used 57065K, committed 57600K, reserved 1114112K
  class space    used 7067K, committed 7296K, reserved 1048576K
}
Event: 6436.397 GC heap before
{Heap before GC invocations=568 (full 508):
 garbage-first heap   total 116736K, used 34479K [0x00000000c0000000, 0x0000000100000000)
  region size 1024K, 1 young (1024K), 0 survivors (0K)
 Metaspace       used 57065K, committed 57600K, reserved 1114112K
  class space    used 7067K, committed 7296K, reserved 1048576K
}
Event: 6436.475 GC heap after
{Heap after GC invocations=569 (full 509):
 garbage-first heap   total 116736K, used 34479K [0x00000000c0000000, 0x0000000100000000)
  region size 1024K, 0 young (0K), 0 survivors (0K)
 Metaspace       used 57065K, committed 57600K, reserved 1114112K
  class space    used 7067K, committed 7296K, reserved 1048576K
}
Event: 6446.955 GC heap before
{Heap before GC invocations=569 (full 509):
 garbage-first heap   total 116736K, used 34479K [0x00000000c0000000, 0x0000000100000000)
  region size 1024K, 1 young (1024K), 0 survivors (0K)
 Metaspace       used 57065K, committed 57600K, reserved 1114112K
  class space    used 7067K, committed 7296K, reserved 1048576K
}
Event: 6447.032 GC heap after
{Heap after GC invocations=570 (full 510):
 garbage-first heap   total 116736K, used 34479K [0x00000000c0000000, 0x0000000100000000)
  region size 1024K, 0 young (0K), 0 survivors (0K)
 Metaspace       used 57065K, committed 57600K, reserved 1114112K
  class space    used 7067K, committed 7296K, reserved 1048576K
}
Event: 6459.980 GC heap before
{Heap before GC invocations=570 (full 510):
 garbage-first heap   total 116736K, used 34479K [0x00000000c0000000, 0x0000000100000000)
  region size 1024K, 1 young (1024K), 0 survivors (0K)
 Metaspace       used 57065K, committed 57600K, reserved 1114112K
  class space    used 7067K, committed 7296K, reserved 1048576K
}
Event: 6460.058 GC heap after
{Heap after GC invocations=571 (full 511):
 garbage-first heap   total 116736K, used 34479K [0x00000000c0000000, 0x0000000100000000)
  region size 1024K, 0 young (0K), 0 survivors (0K)
 Metaspace       used 57065K, committed 57600K, reserved 1114112K
  class space    used 7067K, committed 7296K, reserved 1048576K
}
Event: 6473.797 GC heap before
{Heap before GC invocations=571 (full 511):
 garbage-first heap   total 116736K, used 34479K [0x00000000c0000000, 0x0000000100000000)
  region size 1024K, 1 young (1024K), 0 survivors (0K)
 Metaspace       used 57065K, committed 57600K, reserved 1114112K
  class space    used 7067K, committed 7296K, reserved 1048576K
}
Event: 6473.884 GC heap after
{Heap after GC invocations=572 (full 512):
 garbage-first heap   total 116736K, used 34479K [0x00000000c0000000, 0x0000000100000000)
  region size 1024K, 0 young (0K), 0 survivors (0K)
 Metaspace       used 57065K, committed 57600K, reserved 1114112K
  class space    used 7067K, committed 7296K, reserved 1048576K
}
Event: 6486.208 GC heap before
{Heap before GC invocations=572 (full 512):
 garbage-first heap   total 116736K, used 34479K [0x00000000c0000000, 0x0000000100000000)
  region size 1024K, 1 young (1024K), 0 survivors (0K)
 Metaspace       used 57065K, committed 57600K, reserved 1114112K
  class space    used 7067K, committed 7296K, reserved 1048576K
}
Event: 6486.378 GC heap after
{Heap after GC invocations=573 (full 513):
 garbage-first heap   total 116736K, used 34479K [0x00000000c0000000, 0x0000000100000000)
  region size 1024K, 0 young (0K), 0 survivors (0K)
 Metaspace       used 57065K, committed 57600K, reserved 1114112K
  class space    used 7067K, committed 7296K, reserved 1048576K
}

